\BOOKMARK [1][-]{section.1}{\376\377\000I\000n\000t\000r\000o\000d\000u\000c\000t\000i\000o\000n}{}% 1
\BOOKMARK [2][-]{subsection.1.1}{\376\377\000C\000o\000n\000t\000r\000i\000b\000u\000t\000i\000o\000n\000s}{section.1}% 2
\BOOKMARK [1][-]{section.2}{\376\377\000M\000e\000t\000h\000o\000d\000s}{}% 3
\BOOKMARK [2][-]{subsection.2.1}{\376\377\000E\000x\000p\000e\000r\000i\000m\000e\000n\000t\000a\000l\000\040\000P\000a\000r\000a\000d\000i\000g\000m}{section.2}% 4
\BOOKMARK [2][-]{subsection.2.2}{\376\377\000C\000o\000n\000d\000i\000t\000i\000o\000n\000s}{section.2}% 5
\BOOKMARK [2][-]{subsection.2.3}{\376\377\000M\000o\000d\000e\000l\000s\000\040\000a\000n\000d\000\040\000D\000e\000p\000l\000o\000y\000m\000e\000n\000t\000s}{section.2}% 6
\BOOKMARK [2][-]{subsection.2.4}{\376\377\000T\000r\000i\000a\000l\000\040\000D\000e\000s\000i\000g\000n}{section.2}% 7
\BOOKMARK [1][-]{section.3}{\376\377\000A\000\040\000T\000a\000x\000o\000n\000o\000m\000y\000\040\000o\000f\000\040\000N\000u\000m\000e\000r\000i\000c\000\040\000C\000o\000n\000t\000e\000x\000t\000\040\000M\000e\000c\000h\000a\000n\000i\000s\000m\000s}{}% 8
\BOOKMARK [2][-]{subsection.3.1}{\376\377\000I\000d\000e\000n\000t\000i\000f\000y\000i\000n\000g\000\040\000M\000e\000c\000h\000a\000n\000i\000s\000m\000s\000:\000\040\000T\000h\000e\000\040\000N\000o\000-\000A\000n\000c\000h\000o\000r\000\040\000B\000a\000s\000e\000l\000i\000n\000e}{section.3}% 9
\BOOKMARK [2][-]{subsection.3.2}{\376\377\000M\000e\000c\000h\000a\000n\000i\000s\000m\000\040\0001\000:\000\040\000C\000o\000m\000p\000r\000e\000s\000s\000i\000o\000n}{section.3}% 10
\BOOKMARK [2][-]{subsection.3.3}{\376\377\000M\000e\000c\000h\000a\000n\000i\000s\000m\000\040\0002\000:\000\040\000C\000o\000m\000p\000l\000i\000a\000n\000c\000e}{section.3}% 11
\BOOKMARK [2][-]{subsection.3.4}{\376\377\000M\000e\000c\000h\000a\000n\000i\000s\000m\000\040\0003\000:\000\040\000T\000r\000u\000e\000\040\000A\000n\000c\000h\000o\000r\000i\000n\000g}{section.3}% 12
\BOOKMARK [2][-]{subsection.3.5}{\376\377\000M\000e\000c\000h\000a\000n\000i\000s\000m\000\040\000D\000i\000s\000t\000r\000i\000b\000u\000t\000i\000o\000n}{section.3}% 13
\BOOKMARK [1][-]{section.4}{\376\377\000M\000e\000c\000h\000a\000n\000i\000s\000m\000-\000D\000e\000p\000e\000n\000d\000e\000n\000t\000\040\000D\000e\000b\000i\000a\000s\000i\000n\000g}{}% 14
\BOOKMARK [2][-]{subsection.4.1}{\376\377\000S\000A\000C\000D\000\040\000E\000f\000f\000e\000c\000t\000i\000v\000e\000n\000e\000s\000s\000\040\000b\000y\000\040\000M\000e\000c\000h\000a\000n\000i\000s\000m}{section.4}% 15
\BOOKMARK [2][-]{subsection.4.2}{\376\377\000D\000e\000t\000a\000i\000l\000e\000d\000\040\000R\000e\000s\000u\000l\000t\000s}{section.4}% 16
\BOOKMARK [1][-]{section.5}{\376\377\000D\000e\000p\000l\000o\000y\000m\000e\000n\000t\000-\000S\000p\000e\000c\000i\000f\000i\000c\000\040\000V\000a\000r\000i\000a\000n\000c\000e}{}% 17
\BOOKMARK [2][-]{subsection.5.1}{\376\377\000T\000h\000e\000\040\000P\000r\000o\000v\000i\000d\000e\000r\000\040\000V\000a\000r\000i\000a\000n\000c\000e\000\040\000F\000i\000n\000d\000i\000n\000g}{section.5}% 18
\BOOKMARK [2][-]{subsection.5.2}{\376\377\000I\000m\000p\000l\000i\000c\000a\000t\000i\000o\000n\000s}{section.5}% 19
\BOOKMARK [2][-]{subsection.5.3}{\376\377\000E\000v\000i\000d\000e\000n\000c\000e\000\040\000f\000o\000r\000\040\000N\000o\000n\000-\000M\000o\000d\000e\000l\000\040\000F\000a\000c\000t\000o\000r\000s}{section.5}% 20
\BOOKMARK [1][-]{section.6}{\376\377\000D\000i\000s\000c\000u\000s\000s\000i\000o\000n\000\040\000a\000n\000d\000\040\000P\000r\000a\000c\000t\000i\000c\000a\000l\000\040\000G\000u\000i\000d\000e\000l\000i\000n\000e\000s}{}% 21
\BOOKMARK [2][-]{subsection.6.1}{\376\377\000S\000u\000m\000m\000a\000r\000y\000\040\000o\000f\000\040\000F\000i\000n\000d\000i\000n\000g\000s}{section.6}% 22
\BOOKMARK [2][-]{subsection.6.2}{\376\377\000R\000e\000c\000o\000m\000m\000e\000n\000d\000a\000t\000i\000o\000n\000s\000\040\000f\000o\000r\000\040\000P\000r\000a\000c\000t\000i\000t\000i\000o\000n\000e\000r\000s}{section.6}% 23
\BOOKMARK [2][-]{subsection.6.3}{\376\377\000L\000i\000m\000i\000t\000a\000t\000i\000o\000n\000s}{section.6}% 24
\BOOKMARK [2][-]{subsection.6.4}{\376\377\000C\000o\000n\000c\000l\000u\000s\000i\000o\000n}{section.6}% 25
