\BOOKMARK [1][-]{section.1}{\376\377\000I\000n\000t\000r\000o\000d\000u\000c\000t\000i\000o\000n}{}% 1
\BOOKMARK [2][-]{subsection.1.1}{\376\377\000C\000o\000n\000t\000r\000i\000b\000u\000t\000i\000o\000n\000s}{section.1}% 2
\BOOKMARK [1][-]{section.2}{\376\377\000R\000e\000l\000a\000t\000e\000d\000\040\000W\000o\000r\000k}{}% 3
\BOOKMARK [1][-]{section.3}{\376\377\000M\000e\000t\000h\000o\000d\000s}{}% 4
\BOOKMARK [2][-]{subsection.3.1}{\376\377\000E\000x\000p\000e\000r\000i\000m\000e\000n\000t\000a\000l\000\040\000P\000a\000r\000a\000d\000i\000g\000m}{section.3}% 5
\BOOKMARK [2][-]{subsection.3.2}{\376\377\000C\000o\000n\000d\000i\000t\000i\000o\000n\000s}{section.3}% 6
\BOOKMARK [2][-]{subsection.3.3}{\376\377\000M\000o\000d\000e\000l\000s\000\040\000a\000n\000d\000\040\000D\000e\000p\000l\000o\000y\000m\000e\000n\000t\000s}{section.3}% 7
\BOOKMARK [2][-]{subsection.3.4}{\376\377\000T\000r\000i\000a\000l\000\040\000D\000e\000s\000i\000g\000n}{section.3}% 8
\BOOKMARK [2][-]{subsection.3.5}{\376\377\000S\000t\000a\000t\000i\000s\000t\000i\000c\000a\000l\000\040\000A\000n\000a\000l\000y\000s\000i\000s}{section.3}% 9
\BOOKMARK [1][-]{section.4}{\376\377\000A\000\040\000T\000a\000x\000o\000n\000o\000m\000y\000\040\000o\000f\000\040\000N\000u\000m\000e\000r\000i\000c\000\040\000C\000o\000n\000t\000e\000x\000t\000\040\000M\000e\000c\000h\000a\000n\000i\000s\000m\000s}{}% 10
\BOOKMARK [2][-]{subsection.4.1}{\376\377\000I\000d\000e\000n\000t\000i\000f\000y\000i\000n\000g\000\040\000M\000e\000c\000h\000a\000n\000i\000s\000m\000s\000:\000\040\000T\000h\000e\000\040\000N\000o\000-\000A\000n\000c\000h\000o\000r\000\040\000B\000a\000s\000e\000l\000i\000n\000e}{section.4}% 11
\BOOKMARK [2][-]{subsection.4.2}{\376\377\000M\000e\000c\000h\000a\000n\000i\000s\000m\000\040\0001\000:\000\040\000C\000o\000m\000p\000r\000e\000s\000s\000i\000o\000n}{section.4}% 12
\BOOKMARK [2][-]{subsection.4.3}{\376\377\000M\000e\000c\000h\000a\000n\000i\000s\000m\000\040\0002\000:\000\040\000C\000o\000m\000p\000l\000i\000a\000n\000c\000e}{section.4}% 13
\BOOKMARK [2][-]{subsection.4.4}{\376\377\000M\000e\000c\000h\000a\000n\000i\000s\000m\000\040\0003\000:\000\040\000T\000r\000u\000e\000\040\000A\000n\000c\000h\000o\000r\000i\000n\000g}{section.4}% 14
\BOOKMARK [2][-]{subsection.4.5}{\376\377\000M\000e\000c\000h\000a\000n\000i\000s\000m\000\040\000D\000i\000s\000t\000r\000i\000b\000u\000t\000i\000o\000n}{section.4}% 15
\BOOKMARK [2][-]{subsection.4.6}{\376\377\000I\000m\000p\000l\000i\000c\000i\000t\000\040\000N\000u\000m\000e\000r\000i\000c\000\040\000C\000o\000n\000t\000e\000x\000t\000:\000\040\000T\000h\000e\000\040\000`\000`\0001\0002\000t\000h\000\040\000O\000f\000f\000e\000n\000s\000e\000'\000'\000\040\000E\000f\000f\000e\000c\000t}{section.4}% 16
\BOOKMARK [2][-]{subsection.4.7}{\376\377\000E\000x\000t\000e\000n\000d\000e\000d\000\040\000R\000a\000n\000g\000e\000:\000\040\000H\000i\000g\000h\000\040\000A\000n\000c\000h\000o\000r\000\040\000\050\0002\0004\000m\000o\000\051\000\040\000T\000e\000s\000t\000i\000n\000g}{section.4}% 17
\BOOKMARK [2][-]{subsection.4.8}{\376\377\000V\000e\000r\000s\000i\000o\000n\000\040\000D\000r\000i\000f\000t\000:\000\040\000O\000p\000u\000s\000\040\0004\000.\0005\000\040\000v\000s\000\040\0004\000.\0006}{section.4}% 18
\BOOKMARK [1][-]{section.5}{\376\377\000M\000e\000c\000h\000a\000n\000i\000s\000m\000-\000D\000e\000p\000e\000n\000d\000e\000n\000t\000\040\000D\000e\000b\000i\000a\000s\000i\000n\000g}{}% 19
\BOOKMARK [2][-]{subsection.5.1}{\376\377\000S\000A\000C\000D\000\040\000E\000f\000f\000e\000c\000t\000i\000v\000e\000n\000e\000s\000s\000\040\000b\000y\000\040\000M\000e\000c\000h\000a\000n\000i\000s\000m}{section.5}% 20
\BOOKMARK [2][-]{subsection.5.2}{\376\377\000D\000e\000t\000a\000i\000l\000e\000d\000\040\000R\000e\000s\000u\000l\000t\000s}{section.5}% 21
\BOOKMARK [2][-]{subsection.5.3}{\376\377\000D\000i\000s\000c\000l\000o\000s\000u\000r\000e\000\040\000D\000e\000b\000i\000a\000s\000i\000n\000g\000:\000\040\000M\000o\000d\000e\000l\000-\000F\000a\000m\000i\000l\000y\000\040\000D\000e\000p\000e\000n\000d\000e\000n\000t\000\040\000E\000f\000f\000e\000c\000t\000s}{section.5}% 22
\BOOKMARK [3][-]{subsubsection.5.3.1}{\376\377\000I\000m\000p\000l\000i\000c\000a\000t\000i\000o\000n\000s\000\040\000f\000o\000r\000\040\000E\000x\000p\000e\000r\000i\000m\000e\000n\000t\000a\000l\000\040\000D\000e\000s\000i\000g\000n}{subsection.5.3}% 23
\BOOKMARK [3][-]{subsubsection.5.3.2}{\376\377\000S\000A\000C\000D\000\040\000v\000s\000\040\000D\000i\000s\000c\000l\000o\000s\000u\000r\000e\000\040\000C\000o\000m\000p\000a\000r\000i\000s\000o\000n}{subsection.5.3}% 24
\BOOKMARK [2][-]{subsection.5.4}{\376\377\000F\000u\000l\000l\000\040\000I\000t\000e\000r\000a\000t\000i\000v\000e\000\040\000S\000A\000C\000D\000:\000\040\000M\000o\000d\000e\000l\000-\000D\000e\000p\000e\000n\000d\000e\000n\000t\000\040\000R\000e\000s\000p\000o\000n\000s\000e\000s}{section.5}% 25
\BOOKMARK [1][-]{section.6}{\376\377\000D\000e\000p\000l\000o\000y\000m\000e\000n\000t\000-\000S\000p\000e\000c\000i\000f\000i\000c\000\040\000V\000a\000r\000i\000a\000n\000c\000e}{}% 26
\BOOKMARK [2][-]{subsection.6.1}{\376\377\000T\000h\000e\000\040\000P\000r\000o\000v\000i\000d\000e\000r\000\040\000V\000a\000r\000i\000a\000n\000c\000e\000\040\000F\000i\000n\000d\000i\000n\000g}{section.6}% 27
\BOOKMARK [2][-]{subsection.6.2}{\376\377\000I\000m\000p\000l\000i\000c\000a\000t\000i\000o\000n\000s}{section.6}% 28
\BOOKMARK [2][-]{subsection.6.3}{\376\377\000E\000v\000i\000d\000e\000n\000c\000e\000\040\000f\000o\000r\000\040\000N\000o\000n\000-\000M\000o\000d\000e\000l\000\040\000F\000a\000c\000t\000o\000r\000s}{section.6}% 29
\BOOKMARK [1][-]{section.7}{\376\377\000D\000i\000s\000c\000u\000s\000s\000i\000o\000n\000\040\000a\000n\000d\000\040\000P\000r\000a\000c\000t\000i\000c\000a\000l\000\040\000G\000u\000i\000d\000e\000l\000i\000n\000e\000s}{}% 30
\BOOKMARK [2][-]{subsection.7.1}{\376\377\000S\000u\000m\000m\000a\000r\000y\000\040\000o\000f\000\040\000F\000i\000n\000d\000i\000n\000g\000s}{section.7}% 31
\BOOKMARK [2][-]{subsection.7.2}{\376\377\000R\000e\000c\000o\000m\000m\000e\000n\000d\000a\000t\000i\000o\000n\000s\000\040\000f\000o\000r\000\040\000P\000r\000a\000c\000t\000i\000t\000i\000o\000n\000e\000r\000s}{section.7}% 32
\BOOKMARK [2][-]{subsection.7.3}{\376\377\000R\000e\000a\000s\000o\000n\000i\000n\000g\000\040\000M\000o\000d\000e\000l\000s\000\040\000D\000o\000\040\000N\000o\000t\000\040\000E\000s\000c\000a\000p\000e\000\040\000B\000i\000a\000s}{section.7}% 33
\BOOKMARK [2][-]{subsection.7.4}{\376\377\000M\000u\000l\000t\000i\000-\000T\000u\000r\000n\000\040\000S\000t\000r\000u\000c\000t\000u\000r\000e\000\040\000C\000a\000n\000\040\000I\000n\000t\000r\000o\000d\000u\000c\000e\000\040\000B\000i\000a\000s}{section.7}% 34
\BOOKMARK [2][-]{subsection.7.5}{\376\377\000T\000e\000m\000p\000e\000r\000a\000t\000u\000r\000e\000\040\000a\000n\000d\000\040\000D\000e\000b\000i\000a\000s\000i\000n\000g\000:\000\040\000O\000r\000t\000h\000o\000g\000o\000n\000a\000l\000\040\000C\000o\000n\000t\000r\000o\000l\000s}{section.7}% 35
\BOOKMARK [3][-]{subsubsection.7.5.1}{\376\377\000O\000r\000t\000h\000o\000g\000o\000n\000a\000l\000\040\000C\000o\000n\000t\000r\000o\000l\000\040\000D\000i\000m\000e\000n\000s\000i\000o\000n\000s}{subsection.7.5}% 36
\BOOKMARK [3][-]{subsubsection.7.5.2}{\376\377\000P\000r\000o\000m\000p\000t\000\040\000S\000e\000n\000s\000i\000t\000i\000v\000i\000t\000y}{subsection.7.5}% 37
\BOOKMARK [3][-]{subsubsection.7.5.3}{\376\377\000C\000r\000o\000s\000s\000-\000D\000o\000m\000a\000i\000n\000\040\000V\000a\000l\000i\000d\000a\000t\000i\000o\000n\000:\000\040\000S\000a\000l\000a\000r\000y\000\040\000N\000e\000g\000o\000t\000i\000a\000t\000i\000o\000n}{subsection.7.5}% 38
\BOOKMARK [2][-]{subsection.7.6}{\376\377\000D\000e\000c\000o\000m\000p\000o\000s\000i\000n\000g\000\040\000D\000e\000b\000i\000a\000s\000i\000n\000g\000\040\000E\000f\000f\000e\000c\000t\000s\000:\000\040\000S\000t\000r\000u\000c\000t\000u\000r\000e\000\040\000v\000s\000.\000\040\000C\000o\000n\000t\000e\000n\000t}{section.7}% 39
\BOOKMARK [3][-]{subsubsection.7.6.1}{\376\377\000H\000i\000e\000r\000a\000r\000c\000h\000y\000\040\000o\000f\000\040\000S\000a\000f\000e\000\040\000I\000n\000t\000e\000r\000v\000e\000n\000t\000i\000o\000n\000s}{subsection.7.6}% 40
\BOOKMARK [2][-]{subsection.7.7}{\376\377\000L\000i\000m\000i\000t\000a\000t\000i\000o\000n\000s}{section.7}% 41
\BOOKMARK [2][-]{subsection.7.8}{\376\377\000C\000o\000n\000c\000l\000u\000s\000i\000o\000n}{section.7}% 42
\BOOKMARK [1][-]{appendix.A}{\376\377\000P\000r\000o\000m\000p\000t\000\040\000T\000e\000m\000p\000l\000a\000t\000e\000s}{}% 43
\BOOKMARK [2][-]{subsection.A.1}{\376\377\000B\000a\000s\000e\000l\000i\000n\000e\000\040\000P\000r\000o\000m\000p\000t\000\040\000\050\000A\000n\000c\000h\000o\000r\000e\000d\000\040\000C\000o\000n\000d\000i\000t\000i\000o\000n\000\051}{appendix.A}% 44
\BOOKMARK [2][-]{subsection.A.2}{\376\377\000N\000o\000-\000A\000n\000c\000h\000o\000r\000\040\000C\000o\000n\000t\000r\000o\000l}{appendix.A}% 45
\BOOKMARK [2][-]{subsection.A.3}{\376\377\000S\000A\000C\000D\000\040\000P\000r\000o\000m\000p\000t\000\040\000\050\000I\000t\000e\000r\000a\000t\000i\000v\000e\000\040\000D\000e\000b\000i\000a\000s\000i\000n\000g\000\051}{appendix.A}% 46
\BOOKMARK [2][-]{subsection.A.4}{\376\377\000A\000P\000I\000\040\000P\000a\000r\000a\000m\000e\000t\000e\000r\000s}{appendix.A}% 47
\BOOKMARK [1][-]{appendix.B}{\376\377\000D\000a\000t\000a\000\040\000A\000v\000a\000i\000l\000a\000b\000i\000l\000i\000t\000y}{}% 48
